2023-07-23 05:08:06,849 INFO  [restartedMain] com.tpe.SpringbootintroApplication:Starting SpringbootintroApplication using Java 11.0.17 on DESKTOP-BBS3LOP with PID 12356 (D:\TechPro Education\Full Stack Java Developer\10_SpringBOOT\SpringBOOT\springbootintro\springbootintro\target\classes started by TR in D:\TechPro Education\Full Stack Java Developer\10_SpringBOOT\SpringBOOT\springbootintro\springbootintro)
2023-07-23 05:08:06,863 INFO  [restartedMain] com.tpe.SpringbootintroApplication:No active profile set, falling back to 1 default profile: "default"
2023-07-23 05:08:07,295 INFO  [restartedMain] org.springframework.boot.devtools.env.DevToolsPropertyDefaultsPostProcessor:Devtools property defaults active! Set 'spring.devtools.add-properties' to 'false' to disable
2023-07-23 05:08:07,298 INFO  [restartedMain] org.springframework.boot.devtools.env.DevToolsPropertyDefaultsPostProcessor:For additional web related logging consider setting the 'logging.level.web' property to 'DEBUG'
2023-07-23 05:08:18,275 INFO  [restartedMain] org.springframework.data.repository.config.RepositoryConfigurationDelegate:Bootstrapping Spring Data JPA repositories in DEFAULT mode.
2023-07-23 05:08:18,539 INFO  [restartedMain] org.springframework.data.repository.config.RepositoryConfigurationDelegate:Finished Spring Data repository scanning in 201 ms. Found 1 JPA repository interfaces.
2023-07-23 05:08:21,924 INFO  [restartedMain] org.springframework.boot.web.embedded.tomcat.TomcatWebServer:Tomcat initialized with port(s): 8080 (http)
2023-07-23 05:08:22,009 INFO  [restartedMain] org.apache.catalina.core.StandardService:Starting service [Tomcat]
2023-07-23 05:08:22,010 INFO  [restartedMain] org.apache.catalina.core.StandardEngine:Starting Servlet engine: [Apache Tomcat/9.0.76]
2023-07-23 05:08:22,541 INFO  [restartedMain] org.apache.catalina.core.ContainerBase.[Tomcat].[localhost].[/]:Initializing Spring embedded WebApplicationContext
2023-07-23 05:08:22,541 INFO  [restartedMain] org.springframework.boot.web.servlet.context.ServletWebServerApplicationContext:Root WebApplicationContext: initialization completed in 15242 ms
2023-07-23 05:08:23,399 INFO  [restartedMain] org.hibernate.jpa.internal.util.LogHelper:HHH000204: Processing PersistenceUnitInfo [name: default]
2023-07-23 05:08:23,571 INFO  [restartedMain] org.hibernate.Version:HHH000412: Hibernate ORM core version 5.6.15.Final
2023-07-23 05:08:23,981 INFO  [restartedMain] org.hibernate.annotations.common.Version:HCANN000001: Hibernate Commons Annotations {5.1.2.Final}
2023-07-23 05:08:24,262 INFO  [restartedMain] com.zaxxer.hikari.HikariDataSource:HikariPool-1 - Starting...
2023-07-23 05:08:25,086 INFO  [restartedMain] com.zaxxer.hikari.HikariDataSource:HikariPool-1 - Start completed.
2023-07-23 05:08:25,132 INFO  [restartedMain] org.hibernate.dialect.Dialect:HHH000400: Using dialect: org.hibernate.dialect.PostgreSQL9Dialect
2023-07-23 05:08:27,658 INFO  [restartedMain] org.hibernate.engine.transaction.jta.platform.internal.JtaPlatformInitiator:HHH000490: Using JtaPlatform implementation: [org.hibernate.engine.transaction.jta.platform.internal.NoJtaPlatform]
2023-07-23 05:08:27,672 INFO  [restartedMain] org.springframework.orm.jpa.LocalContainerEntityManagerFactoryBean:Initialized JPA EntityManagerFactory for persistence unit 'default'
2023-07-23 05:08:29,644 WARN  [restartedMain] org.springframework.boot.autoconfigure.orm.jpa.JpaBaseConfiguration$JpaWebConfiguration:spring.jpa.open-in-view is enabled by default. Therefore, database queries may be performed during view rendering. Explicitly configure spring.jpa.open-in-view to disable this warning
2023-07-23 05:08:31,191 WARN  [restartedMain] org.springframework.boot.devtools.autoconfigure.OptionalLiveReloadServer:Unable to start LiveReload server
2023-07-23 05:08:31,209 INFO  [restartedMain] org.springframework.boot.actuate.endpoint.web.EndpointLinksResolver:Exposing 4 endpoint(s) beneath base path '/actuator'
2023-07-23 05:08:31,278 WARN  [restartedMain] org.springframework.boot.web.servlet.context.AnnotationConfigServletWebServerApplicationContext:Exception encountered during context initialization - cancelling refresh attempt: org.springframework.context.ApplicationContextException: Failed to start bean 'webServerStartStop'; nested exception is org.springframework.boot.web.server.PortInUseException: Port 8080 is already in use
2023-07-23 05:08:31,290 INFO  [restartedMain] org.springframework.orm.jpa.LocalContainerEntityManagerFactoryBean:Closing JPA EntityManagerFactory for persistence unit 'default'
2023-07-23 05:08:31,297 INFO  [restartedMain] com.zaxxer.hikari.HikariDataSource:HikariPool-1 - Shutdown initiated...
2023-07-23 05:08:31,327 INFO  [restartedMain] com.zaxxer.hikari.HikariDataSource:HikariPool-1 - Shutdown completed.
2023-07-23 05:08:31,344 INFO  [restartedMain] org.apache.catalina.core.StandardService:Stopping service [Tomcat]
2023-07-23 05:08:31,413 INFO  [restartedMain] org.springframework.boot.autoconfigure.logging.ConditionEvaluationReportLoggingListener:

Error starting ApplicationContext. To display the conditions report re-run your application with 'debug' enabled.
2023-07-23 05:08:31,525 ERROR [restartedMain] org.springframework.boot.diagnostics.LoggingFailureAnalysisReporter:

***************************
APPLICATION FAILED TO START
***************************

Description:

Web server failed to start. Port 8080 was already in use.

Action:

Identify and stop the process that's listening on port 8080 or configure this application to listen on another port.

